hotel
NA count: 0
Data Top 5 Modes [item][count]
['City Hotel', 'Resort Hotel'] [79330, 40060]
Data Unique Vals
['Resort Hotel' 'City Hotel']

is_canceled
NA count: 0
Data percentiles [0 5 25 50 75 95 100]
[0. 0. 0. 0. 1. 1. 1.]
Data Moments
Mean: 0.37
Std Dev: 0.48
Skewness: 0.54
Kurtosis: -1.71
Data Top 5 Modes [item][count]
[0 1] [75166, 44224]

lead_time
NA count: 0
Data percentiles [0 5 25 50 75 95 100]
[  0.   0.  18.  69. 160. 320. 737.]
Data Moments
Mean: 104.01
Std Dev: 106.86
Skewness: 1.35
Kurtosis: 1.7
Data Top 5 Modes [item][count]
[0 1 2 3 4] [6345, 3460, 2069, 1816, 1715]

arrival_date_year
NA count: 0
Data percentiles [0 5 25 50 75 95 100]
[2015. 2015. 2016. 2016. 2017. 2017. 2017.]
Data Moments
Mean: 2016.16
Std Dev: 0.71
Skewness: -0.23
Kurtosis: -0.99
Data Top 5 Modes [item][count]
[2016 2017 2015] [56707, 40687, 21996]

arrival_date_month
NA count: 0
Data Top 5 Modes [item][count]
['August', 'July', 'May', 'October', 'April'] [13877, 12661, 11791, 11160, 11089]
Data Unique Vals
['July' 'August' 'September' 'October' 'November' 'December' 'January'
 'February' 'March' 'April' 'May' 'June']

arrival_date_week_number
NA count: 0
Data percentiles [0 5 25 50 75 95 100]
[ 1.  5. 16. 28. 38. 49. 53.]
Data Moments
Mean: 27.17
Std Dev: 13.61
Skewness: -0.01
Kurtosis: -0.99
Data Top 5 Modes [item][count]
[33 30 32 34 18] [3580, 3087, 3045, 3040, 2926]

arrival_date_day_of_month
NA count: 0
Data percentiles [0 5 25 50 75 95 100]
[ 1.  2.  8. 16. 23. 30. 31.]
Data Moments
Mean: 15.8
Std Dev: 8.78
Skewness: -0.0
Kurtosis: -1.19
Data Top 5 Modes [item][count]
[17  5 15 25 26] [4406, 4317, 4196, 4160, 4147]

stays_in_weekend_nights
NA count: 0
Data percentiles [0 5 25 50 75 95 100]
[ 0.  0.  0.  1.  2.  2. 19.]
Data Moments
Mean: 0.93
Std Dev: 1.0
Skewness: 1.38
Kurtosis: 7.17
Data Top 5 Modes [item][count]
[0 2 1 4 3] [51998, 33308, 30626, 1855, 1259]

stays_in_week_nights
NA count: 0
Data percentiles [0 5 25 50 75 95 100]
[ 0.  0.  1.  2.  3.  5. 50.]
Data Moments
Mean: 2.5
Std Dev: 1.91
Skewness: 2.86
Kurtosis: 24.28
Data Top 5 Modes [item][count]
[2 1 3 5 4] [33684, 30310, 22258, 11077, 9563]

adults
NA count: 0
Data percentiles [0 5 25 50 75 95 100]
[ 0.  1.  2.  2.  2.  3. 55.]
Data Moments
Mean: 1.86
Std Dev: 0.58
Skewness: 18.32
Kurtosis: 1352.06
Data Top 5 Modes [item][count]
[2 1 3 0 4] [89680, 23027, 6202, 403, 62]

children
NA count: 4
Data percentiles [0 5 25 50 75 95 100]
[ 0.  0.  0.  0.  0.  1. 10.]
Data Moments
Mean: 0.1
Std Dev: 0.4
Skewness: 4.11
Kurtosis: 18.67
Data Top 5 Modes [item][count]
[ 0.  1.  2.  3. 10.] [110796, 4861, 3652, 76, 1]

babies
NA count: 0
Data percentiles [0 5 25 50 75 95 100]
[ 0.  0.  0.  0.  0.  0. 10.]
Data Moments
Mean: 0.01
Std Dev: 0.1
Skewness: 24.65
Kurtosis: 1633.88
Data Top 5 Modes [item][count]
[ 0  1  2 10  9] [118473, 900, 15, 1, 1]

meal
NA count: 0
Data Top 5 Modes [item][count]
['BB', 'HB', 'SC', 'Undefined', 'FB'] [92310, 14463, 10650, 1169, 798]
Data Unique Vals
['BB' 'FB' 'HB' 'SC' 'Undefined']

country
NA count: 488
Data Top 5 Modes [item][count]
['PRT', 'GBR', 'FRA', 'ESP', 'DEU'] [48590, 12129, 10415, 8568, 7287]
Data Unique Vals
['PRT' 'GBR' 'USA' 'ESP' 'IRL' 'FRA' nan 'ROU' 'NOR' 'OMN' 'ARG' 'POL'
 'DEU' 'BEL' 'CHE' 'CN' 'GRC' 'ITA' 'NLD' 'DNK' 'RUS' 'SWE' 'AUS' 'EST'
 'CZE' 'BRA' 'FIN' 'MOZ' 'BWA' 'LUX' 'SVN' 'ALB' 'IND' 'CHN' 'MEX' 'MAR'
 'UKR' 'SMR' 'LVA' 'PRI' 'SRB' 'CHL' 'AUT' 'BLR' 'LTU' 'TUR' 'ZAF' 'AGO'
 'ISR' 'CYM' 'ZMB' 'CPV' 'ZWE' 'DZA' 'KOR' 'CRI' 'HUN' 'ARE' 'TUN' 'JAM'
 'HRV' 'HKG' 'IRN' 'GEO' 'AND' 'GIB' 'URY' 'JEY' 'CAF' 'CYP' 'COL' 'GGY'
 'KWT' 'NGA' 'MDV' 'VEN' 'SVK' 'FJI' 'KAZ' 'PAK' 'IDN' 'LBN' 'PHL' 'SEN'
 'SYC' 'AZE' 'BHR' 'NZL' 'THA' 'DOM' 'MKD' 'MYS' 'ARM' 'JPN' 'LKA' 'CUB'
 'CMR' 'BIH' 'MUS' 'COM' 'SUR' 'UGA' 'BGR' 'CIV' 'JOR' 'SYR' 'SGP' 'BDI'
 'SAU' 'VNM' 'PLW' 'QAT' 'EGY' 'PER' 'MLT' 'MWI' 'ECU' 'MDG' 'ISL' 'UZB'
 'NPL' 'BHS' 'MAC' 'TGO' 'TWN' 'DJI' 'STP' 'KNA' 'ETH' 'IRQ' 'HND' 'RWA'
 'KHM' 'MCO' 'BGD' 'IMN' 'TJK' 'NIC' 'BEN' 'VGB' 'TZA' 'GAB' 'GHA' 'TMP'
 'GLP' 'KEN' 'LIE' 'GNB' 'MNE' 'UMI' 'MYT' 'FRO' 'MMR' 'PAN' 'BFA' 'LBY'
 'MLI' 'NAM' 'BOL' 'PRY' 'BRB' 'ABW' 'AIA' 'SLV' 'DMA' 'PYF' 'GUY' 'LCA'
 'ATA' 'GTM' 'ASM' 'MRT' 'NCL' 'KIR' 'SDN' 'ATF' 'SLE' 'LAO']

market_segment
NA count: 0
Data Top 5 Modes [item][count]
['Online TA', 'Offline TA/TO', 'Groups', 'Direct', 'Corporate'] [56477, 24219, 19811, 12606, 5295]
Data Unique Vals
['Direct' 'Corporate' 'Online TA' 'Offline TA/TO' 'Complementary' 'Groups'
 'Undefined' 'Aviation']

distribution_channel
NA count: 0
Data Top 5 Modes [item][count]
['TA/TO', 'Direct', 'Corporate', 'GDS', 'Undefined'] [97870, 14645, 6677, 193, 5]
Data Unique Vals
['Direct' 'Corporate' 'TA/TO' 'Undefined' 'GDS']

is_repeated_guest
NA count: 0
Data percentiles [0 5 25 50 75 95 100]
[0. 0. 0. 0. 0. 0. 1.]
Data Moments
Mean: 0.03
Std Dev: 0.18
Skewness: 5.33
Kurtosis: 26.37
Data Top 5 Modes [item][count]
[0 1] [115580, 3810]

previous_cancellations
NA count: 0
Data percentiles [0 5 25 50 75 95 100]
[ 0.  0.  0.  0.  0.  1. 26.]
Data Moments
Mean: 0.09
Std Dev: 0.84
Skewness: 24.46
Kurtosis: 674.05
Data Top 5 Modes [item][count]
[ 0  1  2  3 24] [112906, 6051, 116, 65, 48]

previous_bookings_not_canceled
NA count: 0
Data percentiles [0 5 25 50 75 95 100]
[ 0.  0.  0.  0.  0.  0. 72.]
Data Moments
Mean: 0.14
Std Dev: 1.5
Skewness: 23.54
Kurtosis: 767.21
Data Top 5 Modes [item][count]
[0 1 2 3 4] [115770, 1542, 580, 333, 229]

reserved_room_type
NA count: 0
Data Top 5 Modes [item][count]
['A', 'D', 'E', 'F', 'G'] [85994, 19201, 6535, 2897, 2094]
Data Unique Vals
['C' 'A' 'D' 'E' 'G' 'F' 'H' 'L' 'P' 'B']

assigned_room_type
NA count: 0
Data Top 5 Modes [item][count]
['A', 'D', 'E', 'F', 'G'] [74053, 25322, 7806, 3751, 2553]
Data Unique Vals
['C' 'A' 'D' 'E' 'G' 'F' 'I' 'B' 'H' 'P' 'L' 'K']

booking_changes
NA count: 0
Data percentiles [0 5 25 50 75 95 100]
[ 0.  0.  0.  0.  0.  1. 21.]
Data Moments
Mean: 0.22
Std Dev: 0.65
Skewness: 6.0
Kurtosis: 79.39
Data Top 5 Modes [item][count]
[0 1 2 3 4] [101314, 12701, 3805, 927, 376]

deposit_type
NA count: 0
Data Top 5 Modes [item][count]
['No Deposit', 'Non Refund', 'Refundable'] [104641, 14587, 162]
Data Unique Vals
['No Deposit' 'Refundable' 'Non Refund']

agent
NA count: 16340
Data percentiles [0 5 25 50 75 95 100]
[  1.   1.   9.  14. 229. 250. 535.]
Data Moments
Mean: 86.69
Std Dev: 110.77
Skewness: 1.09
Kurtosis: -0.01
Data Top 5 Modes [item][count]
[  9. 240.   1.  14.   7.] [31961, 13922, 7191, 3640, 3539]

company
NA count: 112593
Data percentiles [0 5 25 50 75 95 100]
[  6.  40.  62. 179. 270. 435. 543.]
Data Moments
Mean: 189.27
Std Dev: 131.65
Skewness: 0.6
Kurtosis: -0.49
Data Top 5 Modes [item][count]
[ 40. 223.  67.  45. 153.] [927, 784, 267, 250, 215]

days_in_waiting_list
NA count: 0
Data percentiles [0 5 25 50 75 95 100]
[  0.   0.   0.   0.   0.   0. 391.]
Data Moments
Mean: 2.32
Std Dev: 17.59
Skewness: 11.94
Kurtosis: 186.79
Data Top 5 Modes [item][count]
[ 0 39 58 44 31] [115692, 227, 164, 141, 127]

customer_type
NA count: 0
Data Top 5 Modes [item][count]
['Transient', 'Transient-Party', 'Contract', 'Group'] [89613, 25124, 4076, 577]
Data Unique Vals
['Transient' 'Contract' 'Transient-Party' 'Group']

adr
NA count: 0
Data percentiles [0 5 25 50 75 95 100]
[  -6.38   38.4    69.29   94.58  126.    193.5  5400.  ]
Data Moments
Mean: 101.83
Std Dev: 50.54
Skewness: 10.53
Kurtosis: 1013.15
Data Top 5 Modes [item][count]
[62. 75. 90. 65.  0.] [3754, 2715, 2473, 2418, 1959]

required_car_parking_spaces
NA count: 0
Data percentiles [0 5 25 50 75 95 100]
[0. 0. 0. 0. 0. 1. 8.]
Data Moments
Mean: 0.06
Std Dev: 0.25
Skewness: 4.16
Kurtosis: 30.0
Data Top 5 Modes [item][count]
[0 1 2 3 8] [111974, 7383, 28, 3, 2]

total_of_special_requests
NA count: 0
Data percentiles [0 5 25 50 75 95 100]
[0. 0. 0. 0. 1. 2. 5.]
Data Moments
Mean: 0.57
Std Dev: 0.79
Skewness: 1.35
Kurtosis: 1.49
Data Top 5 Modes [item][count]
[0 1 2 3 4] [70318, 33226, 12969, 2497, 340]

reservation_status
NA count: 0
Data Top 5 Modes [item][count]
['Check-Out', 'Canceled', 'No-Show'] [75166, 43017, 1207]
Data Unique Vals
['Check-Out' 'Canceled' 'No-Show']

reservation_status_date
NA count: 0
Data Top 5 Modes [item][count]
['2015-10-21', '2015-07-06', '2016-11-25', '2015-01-01', '2016-01-18'] [1461, 805, 790, 763, 625]
Data Unique Vals
['2015-07-01' '2015-07-02' '2015-07-03' '2015-05-06' '2015-04-22'
 '2015-06-23' '2015-07-05' '2015-07-06' '2015-07-07' '2015-07-08'
 '2015-05-11' '2015-07-15' '2015-07-16' '2015-05-29' '2015-05-19'
 '2015-06-19' '2015-05-23' '2015-05-18' '2015-07-09' '2015-06-02'
 '2015-07-13' '2015-07-04' '2015-06-29' '2015-06-16' '2015-06-18'
 '2015-06-12' '2015-06-09' '2015-05-26' '2015-07-11' '2015-07-12'
 '2015-07-17' '2015-04-15' '2015-05-13' '2015-07-10' '2015-05-20'
 '2015-05-12' '2015-07-14' '2015-06-17' '2015-05-01' '2015-03-30'
 '2015-07-19' '2015-06-03' '2015-06-26' '2015-05-14' '2015-07-20'
 '2015-05-07' '2015-05-28' '2015-04-13' '2015-03-25' '2015-07-21'
 '2015-06-27' '2015-07-18' '2015-07-23' '2015-06-08' '2015-06-22'
 '2015-06-24' '2015-03-05' '2015-06-01' '2015-04-24' '2015-07-22'
 '2015-05-27' '2015-04-06' '2015-04-11' '2015-07-25' '2015-07-28'
 '2015-07-29' '2015-06-25' '2015-07-24' '2015-06-05' '2015-06-30'
 '2015-06-13' '2015-06-11' '2015-07-30' '2015-07-27' '2015-04-29'
 '2015-06-04' '2015-07-26' '2015-08-01' '2015-08-02' '2015-06-15'
 '2015-04-23' '2015-07-31' '2015-05-25' '2015-08-03' '2015-04-17'
 '2015-08-04' '2015-08-06' '2015-05-15' '2015-05-09' '2015-03-17'
 '2015-05-22' '2015-08-07' '2015-04-04' '2015-08-05' '2015-08-08'
 '2015-08-10' '2015-05-04' '2015-06-06' '2015-08-09' '2015-08-15'
 '2015-08-11' '2015-03-28' '2015-08-14' '2015-08-12' '2015-08-16'
 '2015-05-16' '2015-08-21' '2015-08-13' '2015-08-17' '2015-04-20'
 '2015-08-18' '2015-08-23' '2015-08-22' '2015-08-19' '2015-08-20'
 '2015-08-29' '2015-03-31' '2015-05-30' '2015-08-25' '2015-04-14'
 '2015-08-24' '2015-03-24' '2015-05-21' '2015-08-28' '2015-08-26'
 '2015-08-27' '2015-08-30' '2015-08-31' '2015-09-06' '2015-09-03'
 '2015-09-04' '2015-09-02' '2015-09-01' '2015-09-05' '2015-06-20'
 '2015-09-07' '2015-09-10' '2015-09-11' '2015-09-08' '2015-09-09'
 '2015-09-13' '2015-09-15' '2015-04-10' '2015-01-02' '2014-11-18'
 '2015-09-12' '2015-09-17' '2015-09-14' '2015-04-07' '2015-09-19'
 '2015-09-16' '2015-09-20' '2015-01-18' '2015-10-23' '2015-01-22'
 '2015-01-01' '2015-09-22' '2015-09-24' '2015-09-18' '2015-09-21'
 '2015-09-30' '2015-09-25' '2015-09-27' '2015-09-28' '2015-10-12'
 '2015-09-29' '2015-09-23' '2015-10-01' '2015-09-26' '2015-04-18'
 '2015-10-02' '2015-10-04' '2015-10-08' '2015-10-03' '2015-10-07'
 '2015-10-09' '2015-10-11' '2015-10-05' '2015-10-06' '2015-10-10'
 '2015-10-14' '2015-10-15' '2015-10-18' '2015-10-13' '2015-10-20'
 '2015-10-19' '2015-10-31' '2015-10-16' '2015-10-21' '2015-10-22'
 '2015-10-17' '2015-10-24' '2015-10-25' '2015-10-28' '2015-10-27'
 '2015-10-26' '2015-10-30' '2015-11-05' '2015-10-29' '2015-11-03'
 '2015-11-07' '2015-11-04' '2015-11-01' '2015-11-02' '2015-11-17'
 '2015-11-06' '2015-11-10' '2015-11-08' '2015-11-09' '2015-11-15'
 '2015-11-16' '2015-11-11' '2015-11-12' '2015-11-14' '2015-11-13'
 '2015-11-18' '2015-11-22' '2015-11-19' '2015-11-21' '2015-11-20'
 '2015-11-24' '2015-11-25' '2015-11-23' '2015-11-28' '2015-11-26'
 '2015-11-27' '2015-11-29' '2015-12-04' '2015-12-01' '2015-12-06'
 '2015-12-08' '2015-12-02' '2015-12-03' '2015-12-31' '2015-12-05'
 '2015-12-10' '2015-12-17' '2015-11-30' '2015-12-12' '2015-12-07'
 '2016-01-05' '2015-12-11' '2015-12-13' '2015-12-15' '2015-12-16'
 '2015-12-19' '2015-12-18' '2015-12-26' '2015-12-27' '2015-12-22'
 '2015-12-23' '2015-12-24' '2015-12-29' '2015-12-28' '2015-12-20'
 '2015-12-30' '2016-01-02' '2016-01-01' '2015-12-25' '2016-01-03'
 '2016-01-04' '2016-01-11' '2016-01-07' '2015-12-21' '2016-01-09'
 '2016-01-10' '2016-01-08' '2016-01-06' '2016-01-12' '2016-01-13'
 '2016-01-23' '2016-02-09' '2016-01-15' '2016-01-16' '2016-01-17'
 '2016-01-19' '2016-01-18' '2016-01-21' '2016-01-24' '2016-01-22'
 '2016-01-29' '2016-01-27' '2016-01-25' '2016-03-08' '2016-01-26'
 '2016-01-20' '2016-01-30' '2016-02-01' '2016-02-02' '2016-02-08'
 '2016-02-07' '2016-01-28' '2016-02-05' '2016-02-03' '2016-02-13'
 '2016-02-10' '2016-02-04' '2016-02-12' '2016-02-11' '2016-02-16'
 '2016-02-14' '2016-02-15' '2016-02-20' '2016-02-06' '2016-01-14'
 '2016-02-17' '2016-02-21' '2016-02-24' '2016-02-25' '2016-02-19'
 '2016-02-18' '2016-02-26' '2016-02-23' '2016-03-05' '2016-02-22'
 '2016-02-27' '2016-03-03' '2016-03-24' '2016-03-04' '2016-02-29'
 '2016-03-01' '2016-03-02' '2016-03-30' '2016-03-07' '2016-03-14'
 '2016-03-21' '2016-03-09' '2016-03-12' '2016-03-22' '2016-03-10'
 '2016-03-11' '2016-03-20' '2016-03-15' '2016-03-17' '2016-03-16'
 '2016-03-19' '2016-03-27' '2016-03-18' '2016-03-26' '2016-03-31'
 '2016-03-28' '2016-03-29' '2016-04-01' '2016-03-23' '2016-04-02'
 '2016-03-25' '2016-03-13' '2016-04-04' '2016-04-03' '2016-04-05'
 '2016-04-08' '2016-04-06' '2016-04-09' '2016-04-12' '2016-04-16'
 '2016-04-17' '2016-04-27' '2016-04-14' '2016-04-18' '2016-04-21'
 '2016-04-19' '2016-04-20' '2016-04-10' '2016-04-13' '2016-04-11'
 '2016-04-07' '2016-04-15' '2016-04-22' '2016-04-23' '2016-04-26'
 '2016-04-28' '2016-04-24' '2016-04-25' '2016-04-29' '2016-04-30'
 '2016-05-01' '2016-05-10' '2016-05-02' '2016-05-07' '2016-05-08'
 '2016-05-12' '2016-05-04' '2016-05-06' '2016-05-03' '2016-05-09'
 '2016-05-05' '2016-05-13' '2016-05-14' '2016-05-18' '2016-05-19'
 '2016-05-15' '2016-05-16' '2016-05-11' '2016-05-21' '2016-05-22'
 '2016-05-20' '2016-05-24' '2016-05-25' '2016-05-26' '2016-05-23'
 '2016-05-27' '2016-05-17' '2016-05-29' '2016-05-28' '2016-05-30'
 '2016-05-31' '2016-06-01' '2016-06-03' '2016-06-08' '2016-06-02'
 '2016-06-05' '2016-06-06' '2016-06-13' '2016-06-07' '2016-06-10'
 '2016-06-11' '2016-06-16' '2016-06-12' '2016-06-14' '2016-06-17'
 '2016-06-04' '2016-06-18' '2016-06-21' '2016-06-09' '2016-06-24'
 '2016-06-20' '2016-06-25' '2016-06-22' '2016-06-26' '2016-06-23'
 '2016-07-01' '2016-06-15' '2016-06-28' '2016-07-02' '2016-06-19'
 '2016-06-27' '2016-07-04' '2016-06-30' '2016-07-05' '2016-07-08'
 '2016-07-09' '2016-07-07' '2016-07-12' '2016-06-29' '2016-07-10'
 '2016-07-15' '2016-07-03' '2016-07-16' '2016-07-14' '2016-07-18'
 '2016-07-13' '2016-07-06' '2016-07-20' '2016-07-21' '2016-07-23'
 '2016-07-19' '2016-07-11' '2016-07-28' '2016-07-17' '2016-07-25'
 '2016-07-22' '2016-07-29' '2016-08-03' '2016-08-02' '2016-08-04'
 '2016-08-08' '2016-08-10' '2016-08-01' '2016-08-06' '2016-03-06'
 '2016-08-05' '2016-07-26' '2016-08-07' '2016-07-30' '2016-07-24'
 '2016-08-12' '2016-07-27' '2016-08-13' '2016-08-18' '2016-08-16'
 '2016-08-15' '2016-08-17' '2016-08-11' '2016-07-31' '2016-08-19'
 '2016-09-01' '2016-08-23' '2016-08-26' '2016-08-20' '2016-08-21'
 '2016-09-04' '2016-08-22' '2016-08-27' '2016-08-25' '2016-08-09'
 '2016-09-05' '2016-08-24' '2016-09-10' '2016-08-29' '2016-09-09'
 '2016-08-30' '2016-09-13' '2016-08-31' '2016-09-14' '2016-09-12'
 '2016-09-15' '2016-08-14' '2016-09-02' '2016-09-08' '2016-09-19'
 '2016-09-16' '2016-09-07' '2016-09-21' '2016-09-06' '2016-09-22'
 '2016-09-17' '2016-09-20' '2016-09-03' '2016-09-26' '2016-09-23'
 '2016-09-18' '2016-09-29' '2016-10-02' '2016-10-01' '2016-09-27'
 '2016-09-25' '2016-10-05' '2016-09-11' '2016-09-30' '2016-10-09'
 '2016-10-03' '2016-10-06' '2016-10-11' '2016-09-24' '2016-10-13'
 '2016-09-28' '2016-10-08' '2016-10-07' '2016-10-16' '2016-08-28'
 '2016-10-17' '2016-10-18' '2016-10-10' '2016-10-04' '2016-10-15'
 '2016-10-19' '2016-10-21' '2016-10-12' '2016-10-24' '2016-10-26'
 '2016-10-23' '2016-10-20' '2016-10-25' '2016-10-27' '2016-10-28'
 '2016-10-30' '2016-10-29' '2016-11-01' '2016-11-04' '2016-10-14'
 '2016-11-07' '2016-11-03' '2016-11-10' '2016-11-14' '2016-11-02'
 '2016-10-31' '2016-11-11' '2016-11-08' '2016-11-05' '2016-11-25'
 '2016-11-09' '2016-11-20' '2016-11-21' '2016-10-22' '2016-11-22'
 '2016-11-16' '2016-11-23' '2016-11-17' '2016-11-06' '2016-11-15'
 '2016-11-13' '2016-11-12' '2016-11-27' '2016-11-19' '2016-11-30'
 '2016-11-18' '2016-12-02' '2016-12-04' '2016-11-29' '2016-12-07'
 '2016-11-28' '2016-12-03' '2016-12-06' '2016-11-24' '2016-12-08'
 '2016-12-05' '2016-12-10' '2016-12-13' '2016-12-14' '2016-12-16'
 '2016-12-15' '2016-12-17' '2016-12-19' '2016-12-21' '2016-12-20'
 '2016-12-22' '2016-12-23' '2016-12-24' '2016-12-01' '2016-12-27'
 '2016-12-29' '2016-12-30' '2016-12-12' '2017-01-02' '2016-12-11'
 '2017-01-03' '2017-01-04' '2017-01-01' '2016-12-26' '2017-01-06'
 '2016-12-28' '2016-12-18' '2017-01-10' '2017-01-11' '2017-01-07'
 '2017-01-12' '2017-01-16' '2017-01-14' '2017-01-13' '2017-01-05'
 '2017-01-17' '2017-01-20' '2016-12-09' '2017-01-26' '2016-12-31'
 '2017-01-23' '2017-01-27' '2017-01-28' '2017-01-19' '2017-01-25'
 '2017-01-24' '2017-01-29' '2017-01-18' '2016-12-25' '2017-01-15'
 '2017-01-21' '2017-02-01' '2017-02-02' '2017-01-31' '2017-02-03'
 '2017-02-04' '2017-02-06' '2017-02-07' '2017-02-08' '2017-01-30'
 '2017-02-09' '2017-01-09' '2017-02-11' '2017-02-10' '2017-02-12'
 '2017-02-13' '2017-02-14' '2017-02-16' '2017-02-17' '2017-02-18'
 '2017-02-19' '2017-02-20' '2017-02-15' '2017-02-21' '2017-02-22'
 '2017-02-26' '2017-02-23' '2017-02-24' '2017-02-25' '2017-02-28'
 '2017-03-05' '2017-02-27' '2017-03-03' '2017-03-06' '2017-03-02'
 '2017-03-08' '2017-03-09' '2017-03-10' '2017-03-07' '2017-03-12'
 '2017-03-13' '2017-03-14' '2017-03-01' '2017-03-18' '2017-03-17'
 '2017-03-24' '2017-03-22' '2017-03-26' '2017-03-27' '2017-03-11'
 '2017-03-28' '2017-03-29' '2017-03-30' '2017-03-31' '2017-03-19'
 '2017-01-22' '2017-04-02' '2017-03-20' '2017-04-03' '2017-01-08'
 '2017-03-23' '2017-04-05' '2017-02-05' '2017-04-04' '2017-03-15'
 '2017-04-07' '2017-03-25' '2017-04-08' '2017-04-06' '2017-03-21'
 '2017-04-10' '2017-04-01' '2017-04-11' '2017-04-13' '2017-04-15'
 '2017-04-12' '2017-03-04' '2017-04-19' '2017-04-22' '2017-04-20'
 '2017-05-02' '2017-04-09' '2017-04-23' '2017-04-24' '2017-04-16'
 '2017-04-28' '2017-04-18' '2017-04-26' '2017-04-25' '2017-04-17'
 '2017-04-21' '2017-05-03' '2017-05-04' '2017-03-16' '2017-05-05'
 '2017-04-29' '2017-04-14' '2017-05-08' '2017-04-27' '2017-05-11'
 '2017-05-01' '2017-05-10' '2017-05-13' '2017-05-06' '2017-05-14'
 '2017-05-16' '2017-04-30' '2017-05-15' '2017-05-07' '2017-05-09'
 '2017-05-17' '2017-05-21' '2017-05-12' '2017-05-22' '2017-05-24'
 '2017-05-23' '2017-05-25' '2017-05-26' '2017-05-28' '2017-05-27'
 '2017-05-29' '2017-05-19' '2017-05-31' '2017-05-20' '2017-06-01'
 '2017-05-30' '2017-06-02' '2016-11-26' '2017-06-04' '2017-06-05'
 '2017-06-06' '2017-06-07' '2017-05-18' '2017-06-09' '2017-06-10'
 '2017-06-11' '2017-06-12' '2017-06-14' '2017-06-08' '2017-06-16'
 '2017-06-13' '2017-06-03' '2017-06-24' '2017-06-20' '2017-06-19'
 '2017-06-21' '2017-06-26' '2017-06-27' '2017-06-22' '2017-06-28'
 '2017-06-15' '2017-06-29' '2017-06-30' '2017-06-18' '2017-07-04'
 '2017-07-08' '2017-07-05' '2017-07-03' '2017-07-07' '2017-07-01'
 '2017-07-06' '2017-07-11' '2017-07-12' '2017-06-23' '2017-07-13'
 '2017-07-02' '2017-07-10' '2017-07-14' '2017-07-15' '2017-07-16'
 '2017-07-18' '2017-07-17' '2017-07-19' '2017-07-20' '2017-07-21'
 '2017-06-25' '2017-06-17' '2017-07-24' '2017-07-26' '2017-07-09'
 '2017-07-27' '2017-07-28' '2017-07-31' '2017-07-29' '2017-07-22'
 '2017-08-02' '2017-08-01' '2017-08-03' '2017-08-04' '2017-07-25'
 '2017-07-23' '2017-08-09' '2017-08-10' '2017-07-30' '2017-08-07'
 '2017-08-13' '2017-08-05' '2017-08-14' '2017-08-08' '2017-08-16'
 '2017-08-17' '2017-08-15' '2017-08-18' '2017-08-20' '2017-08-22'
 '2017-08-06' '2017-08-25' '2017-08-26' '2017-08-23' '2017-08-11'
 '2017-08-27' '2017-08-21' '2017-08-29' '2017-08-31' '2017-08-12'
 '2017-08-19' '2016-01-31' '2017-09-01' '2017-08-28' '2015-04-03'
 '2015-01-21' '2015-01-28' '2015-01-29' '2015-01-30' '2015-02-02'
 '2015-02-05' '2015-02-06' '2015-02-09' '2015-02-10' '2015-02-11'
 '2015-02-12' '2015-02-19' '2015-02-20' '2015-02-23' '2015-02-24'
 '2015-02-25' '2015-02-26' '2015-02-27' '2015-03-03' '2015-03-04'
 '2015-03-06' '2015-03-09' '2015-03-11' '2015-03-12' '2015-03-18'
 '2015-04-02' '2015-06-14' '2015-04-08' '2015-04-16' '2015-04-25'
 '2015-04-28' '2015-05-08' '2017-09-06' '2016-02-28' '2015-12-09'
 '2015-12-14' '2017-09-09' '2017-09-02' '2017-08-24' '2017-08-30'
 '2017-09-03' '2017-09-04' '2017-09-05' '2017-09-07' '2017-09-08'
 '2017-09-10' '2017-09-12' '2017-09-14' '2015-04-30' '2015-04-21'
 '2015-04-05' '2015-03-13' '2015-05-05' '2015-03-29' '2015-06-10'
 '2015-04-27' '2014-10-17' '2015-01-20' '2015-02-17' '2015-03-10'
 '2015-03-23']

